[  6100.673] (--) Log file renamed from "/home/.local/share/xorg/Xorg.pid-41456.log" to "/home/.local/share/xorg/Xorg.0.log"
[  6100.673] 
X.Org X Server 1.21.1.7
X Protocol Version 11, Revision 0
[  6100.673] Current Operating System: Linux archlinux 6.1.19-hardened1-1-hardened #1 SMP PREEMPT_DYNAMIC Tue, 14 Mar 2023 01:11:14 +0000 x86_64
[  6100.674] Kernel command line: pti=on page_alloc.shuffle=1 BOOT_IMAGE=/boot/vmlinuz-linux-hardened root=UUID=86d27bda-0db3-4c35-895c-c66decf67c45 rw loglevel=3 quiet
[  6100.674]  
[  6100.674] Current version of pixman: 0.42.2
[  6100.674] 	Before reporting problems, check http://wiki.x.org
	to make sure that you have the latest version.
[  6100.674] Markers: (--) probed, (**) from config file, (==) default setting,
	(++) from command line, (!!) notice, (II) informational,
	(WW) warning, (EE) error, (NI) not implemented, (??) unknown.
[  6100.674] (==) Log file: "/home/.local/share/xorg/Xorg.0.log", Time: Wed Mar 15 22:38:22 2023
[  6100.674] (==) Using system config directory "/usr/share/X11/xorg.conf.d"
[  6100.674] (==) No Layout section.  Using the first Screen section.
[  6100.674] (==) No screen section available. Using defaults.
[  6100.674] (**) |-->Screen "Default Screen Section" (0)
[  6100.674] (**) |   |-->Monitor "<default monitor>"
[  6100.674] (==) No monitor specified for screen "Default Screen Section".
	Using a default monitor configuration.
[  6100.674] (==) Automatically adding devices
[  6100.674] (==) Automatically enabling devices
[  6100.674] (==) Automatically adding GPU devices
[  6100.674] (==) Automatically binding GPU devices
[  6100.674] (==) Max clients allowed: 256, resource mask: 0x1fffff
[  6100.674] (WW) The directory "/usr/share/fonts/misc" does not exist.
[  6100.674] 	Entry deleted from font path.
[  6100.674] (WW) `fonts.dir' not found (or not valid) in "/usr/share/fonts/TTF".
[  6100.674] 	Entry deleted from font path.
[  6100.674] 	(Run 'mkfontdir' on "/usr/share/fonts/TTF").
[  6100.674] (WW) The directory "/usr/share/fonts/OTF" does not exist.
[  6100.674] 	Entry deleted from font path.
[  6100.674] (WW) The directory "/usr/share/fonts/Type1" does not exist.
[  6100.674] 	Entry deleted from font path.
[  6100.674] (WW) The directory "/usr/share/fonts/100dpi" does not exist.
[  6100.674] 	Entry deleted from font path.
[  6100.674] (WW) The directory "/usr/share/fonts/75dpi" does not exist.
[  6100.674] 	Entry deleted from font path.
[  6100.674] (==) FontPath set to:
	
[  6100.674] (==) ModulePath set to "/usr/lib/xorg/modules"
[  6100.674] (II) The server relies on udev to provide the list of input devices.
	If no devices become available, reconfigure udev or disable AutoAddDevices.
[  6100.674] (II) Module ABI versions:
[  6100.674] 	X.Org ANSI C Emulation: 0.4
[  6100.674] 	X.Org Video Driver: 25.2
[  6100.674] 	X.Org XInput driver : 24.4
[  6100.674] 	X.Org Server Extension : 10.0
[  6100.675] (++) using VT number 2

[  6100.676] (II) systemd-logind: took control of session /org/freedesktop/login1/session/_316
[  6100.677] (II) xfree86: Adding drm device (/dev/dri/card0)
[  6100.677] (II) Platform probe for /sys/devices/pci0000:00/0000:00:02.0/drm/card0
[  6100.677] (II) systemd-logind: got fd for /dev/dri/card0 226:0 fd 14 paused 0
[  6100.679] (--) PCI:*(0@0:2:0) 8086:9a78:103c:87fe rev 1, Mem @ 0x6002000000/16777216, 0x4000000000/268435456, I/O @ 0x00004000/64, BIOS @ 0x????????/131072
[  6100.679] (WW) Open ACPI failed (/var/run/acpid.socket) (No such file or directory)
[  6100.679] (II) LoadModule: "glx"
[  6100.679] (II) Loading /usr/lib/xorg/modules/extensions/libglx.so
[  6100.680] (II) Module glx: vendor="X.Org Foundation"
[  6100.680] 	compiled for 1.21.1.7, module version = 1.0.0
[  6100.680] 	ABI class: X.Org Server Extension, version 10.0
[  6100.680] (==) Matched intel as autoconfigured driver 0
[  6100.680] (==) Matched modesetting as autoconfigured driver 1
[  6100.680] (==) Matched fbdev as autoconfigured driver 2
[  6100.680] (==) Matched vesa as autoconfigured driver 3
[  6100.680] (==) Assigned the driver to the xf86ConfigLayout
[  6100.680] (II) LoadModule: "intel"
[  6100.680] (WW) Warning, couldn't open module intel
[  6100.680] (EE) Failed to load module "intel" (module does not exist, 0)
[  6100.680] (II) LoadModule: "modesetting"
[  6100.680] (II) Loading /usr/lib/xorg/modules/drivers/modesetting_drv.so
[  6100.681] (II) Module modesetting: vendor="X.Org Foundation"
[  6100.681] 	compiled for 1.21.1.7, module version = 1.21.1
[  6100.681] 	Module class: X.Org Video Driver
[  6100.681] 	ABI class: X.Org Video Driver, version 25.2
[  6100.681] (II) LoadModule: "fbdev"
[  6100.681] (WW) Warning, couldn't open module fbdev
[  6100.681] (EE) Failed to load module "fbdev" (module does not exist, 0)
[  6100.681] (II) LoadModule: "vesa"
[  6100.681] (WW) Warning, couldn't open module vesa
[  6100.681] (EE) Failed to load module "vesa" (module does not exist, 0)
[  6100.681] (II) modesetting: Driver for Modesetting Kernel Drivers: kms
[  6100.681] (II) modeset(0): using drv /dev/dri/card0
[  6100.681] (WW) VGA arbiter: cannot open kernel arbiter, no multi-card support
[  6100.681] (II) modeset(0): Creating default Display subsection in Screen section
	"Default Screen Section" for depth/fbbpp 24/32
[  6100.681] (==) modeset(0): Depth 24, (==) framebuffer bpp 32
[  6100.681] (==) modeset(0): RGB weight 888
[  6100.681] (==) modeset(0): Default visual is TrueColor
[  6100.681] (II) Loading sub module "glamoregl"
[  6100.681] (II) LoadModule: "glamoregl"
[  6100.681] (II) Loading /usr/lib/xorg/modules/libglamoregl.so
[  6100.683] (II) Module glamoregl: vendor="X.Org Foundation"
[  6100.683] 	compiled for 1.21.1.7, module version = 1.0.1
[  6100.683] 	ABI class: X.Org ANSI C Emulation, version 0.4
[  6100.708] (II) modeset(0): glamor X acceleration enabled on Mesa Intel(R) UHD Graphics (TGL GT2)
[  6100.708] (II) modeset(0): glamor initialized
[  6100.708] (==) modeset(0): VariableRefresh: disabled
[  6100.708] (==) modeset(0): AsyncFlipSecondaries: disabled
[  6100.709] (II) modeset(0): Output eDP-1 has no monitor section
[  6100.709] (II) modeset(0): Output HDMI-1 has no monitor section
[  6100.719] (II) modeset(0): Output DP-1 has no monitor section
[  6100.719] (II) modeset(0): Output DP-2 has no monitor section
[  6100.719] (II) modeset(0): Output DP-3 has no monitor section
[  6100.719] (II) modeset(0): Output DP-4 has no monitor section
[  6100.721] (II) modeset(0): EDID for output eDP-1
[  6100.721] (II) modeset(0): Manufacturer: CMN  Model: 1538  Serial#: 0
[  6100.721] (II) modeset(0): Year: 2020  Week: 43
[  6100.721] (II) modeset(0): EDID Version: 1.4
[  6100.721] (II) modeset(0): Digital Display Input
[  6100.721] (II) modeset(0): 6 bits per channel
[  6100.721] (II) modeset(0): Digital interface is DisplayPort
[  6100.721] (II) modeset(0): Max Image Size [cm]: horiz.: 34  vert.: 19
[  6100.721] (II) modeset(0): Gamma: 2.20
[  6100.721] (II) modeset(0): No DPMS capabilities specified
[  6100.721] (II) modeset(0): Supported color encodings: RGB 4:4:4 
[  6100.721] (II) modeset(0): First detailed timing is preferred mode
[  6100.721] (II) modeset(0): Preferred mode is native pixel format and refresh rate
[  6100.721] (II) modeset(0): Display is continuous-frequency
[  6100.721] (II) modeset(0): redX: 0.590 redY: 0.350   greenX: 0.330 greenY: 0.555
[  6100.721] (II) modeset(0): blueX: 0.153 blueY: 0.119   whiteX: 0.313 whiteY: 0.329
[  6100.721] (II) modeset(0): Manufacturer's mask: 0
[  6100.721] (II) modeset(0): Supported detailed timing:
[  6100.721] (II) modeset(0): clock: 138.8 MHz   Image Size:  344 x 193 mm
[  6100.721] (II) modeset(0): h_active: 1920  h_sync: 1968  h_sync_end 2000 h_blank_end 2080 h_border: 0
[  6100.721] (II) modeset(0): v_active: 1080  v_sync: 1083  v_sync_end 1088 v_blanking: 1112 v_border: 0
[  6100.721] (II) modeset(0): Supported detailed timing:
[  6100.721] (II) modeset(0): clock: 92.5 MHz   Image Size:  344 x 193 mm
[  6100.721] (II) modeset(0): h_active: 1920  h_sync: 1968  h_sync_end 2000 h_blank_end 2080 h_border: 0
[  6100.721] (II) modeset(0): v_active: 1080  v_sync: 1083  v_sync_end 1088 v_blanking: 1112 v_border: 0
[  6100.721] (II) modeset(0): Unknown vendor-specific block 2
[  6100.721] (II) modeset(0): EDID (in hex):
[  6100.721] (II) modeset(0): 	00ffffffffffff000dae381500000000
[  6100.721] (II) modeset(0): 	2b1e0104952213780328659759548e27
[  6100.721] (II) modeset(0): 	1e505400000001010101010101010101
[  6100.721] (II) modeset(0): 	010101010101363680a0703820403020
[  6100.721] (II) modeset(0): 	350058c11000001a242480a070382040
[  6100.721] (II) modeset(0): 	3020350058c11000001a000000000000
[  6100.721] (II) modeset(0): 	00000000000000000000000000000002
[  6100.721] (II) modeset(0): 	000c3dff0d3c7d1212267d00000000a8
[  6100.721] (II) modeset(0): Printing probed modes for output eDP-1
[  6100.721] (II) modeset(0): Modeline "1920x1080"x60.0  138.78  1920 1968 2000 2080  1080 1083 1088 1112 +hsync -vsync (66.7 kHz eP)
[  6100.721] (II) modeset(0): Modeline "1920x1080"x119.9  266.50  1920 1944 1960 2000  1080 1081 1084 1111 doublescan +hsync -vsync (133.2 kHz d)
[  6100.721] (II) modeset(0): Modeline "1920x1080"x60.0  173.00  1920 2048 2248 2576  1080 1083 1088 1120 -hsync +vsync (67.2 kHz d)
[  6100.721] (II) modeset(0): Modeline "1920x1080"x59.9  138.50  1920 1968 2000 2080  1080 1083 1088 1111 +hsync -vsync (66.6 kHz d)
[  6100.721] (II) modeset(0): Modeline "1920x1080"x40.0   92.52  1920 1968 2000 2080  1080 1083 1088 1112 +hsync -vsync (44.5 kHz e)
[  6100.721] (II) modeset(0): Modeline "1680x1050"x60.0  146.25  1680 1784 1960 2240  1050 1053 1059 1089 -hsync +vsync (65.3 kHz d)
[  6100.721] (II) modeset(0): Modeline "1680x1050"x59.9  119.00  1680 1728 1760 1840  1050 1053 1059 1080 +hsync -vsync (64.7 kHz d)
[  6100.721] (II) modeset(0): Modeline "1400x1050"x60.0  122.00  1400 1488 1640 1880  1050 1052 1064 1082 +hsync +vsync (64.9 kHz d)
[  6100.721] (II) modeset(0): Modeline "1600x900"x120.0  246.00  1600 1728 1900 2200  900 901 904 932 doublescan -hsync +vsync (111.8 kHz d)
[  6100.721] (II) modeset(0): Modeline "1600x900"x119.9  186.50  1600 1624 1640 1680  900 901 904 926 doublescan +hsync -vsync (111.0 kHz d)
[  6100.721] (II) modeset(0): Modeline "1600x900"x59.9  118.25  1600 1696 1856 2112  900 903 908 934 -hsync +vsync (56.0 kHz d)
[  6100.721] (II) modeset(0): Modeline "1600x900"x59.8   97.50  1600 1648 1680 1760  900 903 908 926 +hsync -vsync (55.4 kHz d)
[  6100.721] (II) modeset(0): Modeline "1280x1024"x60.0  108.00  1280 1328 1440 1688  1024 1025 1028 1066 +hsync +vsync (64.0 kHz d)
[  6100.721] (II) modeset(0): Modeline "1400x900"x60.0  103.50  1400 1480 1624 1848  900 903 913 934 -hsync +vsync (56.0 kHz d)
[  6100.721] (II) modeset(0): Modeline "1400x900"x59.9   86.50  1400 1448 1480 1560  900 903 913 926 +hsync -vsync (55.4 kHz d)
[  6100.721] (II) modeset(0): Modeline "1280x960"x60.0  108.00  1280 1376 1488 1800  960 961 964 1000 +hsync +vsync (60.0 kHz d)
[  6100.721] (II) modeset(0): Modeline "1440x810"x120.0  198.12  1440 1548 1704 1968  810 811 814 839 doublescan -hsync +vsync (100.7 kHz d)
[  6100.721] (II) modeset(0): Modeline "1440x810"x119.9  151.88  1440 1464 1480 1520  810 811 814 833 doublescan +hsync -vsync (99.9 kHz d)
[  6100.721] (II) modeset(0): Modeline "1368x768"x59.9   85.25  1368 1440 1576 1784  768 771 781 798 -hsync +vsync (47.8 kHz d)
[  6100.721] (II) modeset(0): Modeline "1368x768"x59.9   72.25  1368 1416 1448 1528  768 771 781 790 +hsync -vsync (47.3 kHz d)
[  6100.721] (II) modeset(0): Modeline "1280x800"x120.0  174.25  1280 1380 1516 1752  800 801 804 829 doublescan -hsync +vsync (99.5 kHz d)
[  6100.721] (II) modeset(0): Modeline "1280x800"x119.9  134.25  1280 1304 1320 1360  800 801 804 823 doublescan +hsync -vsync (98.7 kHz d)
[  6100.721] (II) modeset(0): Modeline "1280x800"x59.8   83.50  1280 1352 1480 1680  800 803 809 831 -hsync +vsync (49.7 kHz d)
[  6100.722] (II) modeset(0): Modeline "1280x800"x59.9   71.00  1280 1328 1360 1440  800 803 809 823 +hsync -vsync (49.3 kHz d)
[  6100.722] (II) modeset(0): Modeline "1280x720"x120.0  156.12  1280 1376 1512 1744  720 721 724 746 doublescan -hsync +vsync (89.5 kHz d)
[  6100.722] (II) modeset(0): Modeline "1280x720"x120.0  120.75  1280 1304 1320 1360  720 721 724 740 doublescan +hsync -vsync (88.8 kHz d)
[  6100.722] (II) modeset(0): Modeline "1280x720"x59.9   74.50  1280 1344 1472 1664  720 723 728 748 -hsync +vsync (44.8 kHz d)
[  6100.722] (II) modeset(0): Modeline "1280x720"x59.7   63.75  1280 1328 1360 1440  720 723 728 741 +hsync -vsync (44.3 kHz d)
[  6100.722] (II) modeset(0): Modeline "1024x768"x120.1  133.47  1024 1100 1212 1400  768 768 770 794 doublescan -hsync +vsync (95.3 kHz d)
[  6100.722] (II) modeset(0): Modeline "1024x768"x60.0   65.00  1024 1048 1184 1344  768 771 777 806 -hsync -vsync (48.4 kHz d)
[  6100.722] (II) modeset(0): Modeline "960x720"x120.0  117.00  960 1024 1128 1300  720 720 722 750 doublescan -hsync +vsync (90.0 kHz d)
[  6100.722] (II) modeset(0): Modeline "928x696"x120.1  109.15  928 976 1088 1264  696 696 698 719 doublescan -hsync +vsync (86.4 kHz d)
[  6100.722] (II) modeset(0): Modeline "896x672"x120.0  102.40  896 960 1060 1224  672 672 674 697 doublescan -hsync +vsync (83.7 kHz d)
[  6100.722] (II) modeset(0): Modeline "1024x576"x119.9   98.50  1024 1092 1200 1376  576 577 580 597 doublescan -hsync +vsync (71.6 kHz d)
[  6100.722] (II) modeset(0): Modeline "1024x576"x119.9   78.38  1024 1048 1064 1104  576 577 580 592 doublescan +hsync -vsync (71.0 kHz d)
[  6100.722] (II) modeset(0): Modeline "1024x576"x59.9   46.50  1024 1064 1160 1296  576 579 584 599 -hsync +vsync (35.9 kHz d)
[  6100.722] (II) modeset(0): Modeline "1024x576"x59.8   42.00  1024 1072 1104 1184  576 579 584 593 +hsync -vsync (35.5 kHz d)
[  6100.722] (II) modeset(0): Modeline "960x600"x119.9   96.62  960 1028 1128 1296  600 601 604 622 doublescan -hsync +vsync (74.6 kHz d)
[  6100.722] (II) modeset(0): Modeline "960x600"x120.0   77.00  960 984 1000 1040  600 601 604 617 doublescan +hsync -vsync (74.0 kHz d)
[  6100.722] (II) modeset(0): Modeline "960x540"x119.9   86.50  960 1024 1124 1288  540 541 544 560 doublescan -hsync +vsync (67.2 kHz d)
[  6100.722] (II) modeset(0): Modeline "960x540"x120.0   69.25  960 984 1000 1040  540 541 544 555 doublescan +hsync -vsync (66.6 kHz d)
[  6100.722] (II) modeset(0): Modeline "960x540"x59.6   40.75  960 992 1088 1216  540 543 548 562 -hsync +vsync (33.5 kHz d)
[  6100.722] (II) modeset(0): Modeline "960x540"x59.8   37.25  960 1008 1040 1120  540 543 548 556 +hsync -vsync (33.3 kHz d)
[  6100.722] (II) modeset(0): Modeline "800x600"x120.0   81.00  800 832 928 1080  600 600 602 625 doublescan +hsync +vsync (75.0 kHz d)
[  6100.722] (II) modeset(0): Modeline "800x600"x60.3   40.00  800 840 968 1056  600 601 605 628 +hsync +vsync (37.9 kHz d)
[  6100.722] (II) modeset(0): Modeline "800x600"x56.2   36.00  800 824 896 1024  600 601 603 625 +hsync +vsync (35.2 kHz d)
[  6100.722] (II) modeset(0): Modeline "840x525"x120.0   73.12  840 892 980 1120  525 526 529 544 doublescan -hsync +vsync (65.3 kHz d)
[  6100.722] (II) modeset(0): Modeline "840x525"x119.8   59.50  840 864 880 920  525 526 529 540 doublescan +hsync -vsync (64.7 kHz d)
[  6100.722] (II) modeset(0): Modeline "864x486"x59.9   32.50  864 888 968 1072  486 489 494 506 -hsync +vsync (30.3 kHz d)
[  6100.722] (II) modeset(0): Modeline "864x486"x59.6   30.50  864 912 944 1024  486 489 494 500 +hsync -vsync (29.8 kHz d)
[  6100.722] (II) modeset(0): Modeline "700x525"x120.0   61.00  700 744 820 940  525 526 532 541 doublescan +hsync +vsync (64.9 kHz d)
[  6100.722] (II) modeset(0): Modeline "800x450"x119.9   59.12  800 848 928 1056  450 451 454 467 doublescan -hsync +vsync (56.0 kHz d)
[  6100.722] (II) modeset(0): Modeline "800x450"x119.6   48.75  800 824 840 880  450 451 454 463 doublescan +hsync -vsync (55.4 kHz d)
[  6100.722] (II) modeset(0): Modeline "640x512"x120.0   54.00  640 664 720 844  512 512 514 533 doublescan +hsync +vsync (64.0 kHz d)
[  6100.722] (II) modeset(0): Modeline "700x450"x119.9   51.75  700 740 812 924  450 451 456 467 doublescan -hsync +vsync (56.0 kHz d)
[  6100.722] (II) modeset(0): Modeline "700x450"x119.8   43.25  700 724 740 780  450 451 456 463 doublescan +hsync -vsync (55.4 kHz d)
[  6100.722] (II) modeset(0): Modeline "640x480"x120.0   54.00  640 688 744 900  480 480 482 500 doublescan +hsync +vsync (60.0 kHz d)
[  6100.722] (II) modeset(0): Modeline "640x480"x59.9   25.18  640 656 752 800  480 490 492 525 -hsync -vsync (31.5 kHz d)
[  6100.722] (II) modeset(0): Modeline "720x405"x59.5   22.50  720 744 808 896  405 408 413 422 -hsync +vsync (25.1 kHz d)
[  6100.722] (II) modeset(0): Modeline "720x405"x59.0   21.75  720 768 800 880  405 408 413 419 +hsync -vsync (24.7 kHz d)
[  6100.722] (II) modeset(0): Modeline "684x384"x119.8   42.62  684 720 788 892  384 385 390 399 doublescan -hsync +vsync (47.8 kHz d)
[  6100.722] (II) modeset(0): Modeline "684x384"x119.7   36.12  684 708 724 764  384 385 390 395 doublescan +hsync -vsync (47.3 kHz d)
[  6100.722] (II) modeset(0): Modeline "640x400"x119.8   41.75  640 676 740 840  400 401 404 415 doublescan -hsync +vsync (49.7 kHz d)
[  6100.722] (II) modeset(0): Modeline "640x400"x120.0   35.50  640 664 680 720  400 401 404 411 doublescan +hsync -vsync (49.3 kHz d)
[  6100.722] (II) modeset(0): Modeline "640x360"x119.7   37.25  640 672 736 832  360 361 364 374 doublescan -hsync +vsync (44.8 kHz d)
[  6100.722] (II) modeset(0): Modeline "640x360"x119.7   31.88  640 664 680 720  360 361 364 370 doublescan +hsync -vsync (44.3 kHz d)
[  6100.722] (II) modeset(0): Modeline "640x360"x59.8   18.00  640 664 720 800  360 363 368 376 -hsync +vsync (22.5 kHz d)
[  6100.722] (II) modeset(0): Modeline "640x360"x59.3   17.75  640 688 720 800  360 363 368 374 +hsync -vsync (22.2 kHz d)
[  6100.722] (II) modeset(0): Modeline "512x384"x120.0   32.50  512 524 592 672  384 385 388 403 doublescan -hsync -vsync (48.4 kHz d)
[  6100.722] (II) modeset(0): Modeline "512x288"x120.0   23.25  512 532 580 648  288 289 292 299 doublescan -hsync +vsync (35.9 kHz d)
[  6100.722] (II) modeset(0): Modeline "512x288"x119.8   21.00  512 536 552 592  288 289 292 296 doublescan +hsync -vsync (35.5 kHz d)
[  6100.722] (II) modeset(0): Modeline "480x270"x119.3   20.38  480 496 544 608  270 271 274 281 doublescan -hsync +vsync (33.5 kHz d)
[  6100.722] (II) modeset(0): Modeline "480x270"x119.6   18.62  480 504 520 560  270 271 274 278 doublescan +hsync -vsync (33.3 kHz d)
[  6100.722] (II) modeset(0): Modeline "400x300"x120.6   20.00  400 420 484 528  300 300 302 314 doublescan +hsync +vsync (37.9 kHz d)
[  6100.722] (II) modeset(0): Modeline "400x300"x112.7   18.00  400 412 448 512  300 300 301 312 doublescan +hsync +vsync (35.2 kHz d)
[  6100.722] (II) modeset(0): Modeline "432x243"x119.8   16.25  432 444 484 536  243 244 247 253 doublescan -hsync +vsync (30.3 kHz d)
[  6100.722] (II) modeset(0): Modeline "432x243"x119.1   15.25  432 456 472 512  243 244 247 250 doublescan +hsync -vsync (29.8 kHz d)
[  6100.722] (II) modeset(0): Modeline "320x240"x120.1   12.59  320 328 376 400  240 245 246 262 doublescan -hsync -vsync (31.5 kHz d)
[  6100.722] (II) modeset(0): Modeline "360x202"x119.0   11.25  360 372 404 448  202 204 206 211 doublescan -hsync +vsync (25.1 kHz d)
[  6100.722] (II) modeset(0): Modeline "360x202"x118.3   10.88  360 384 400 440  202 204 206 209 doublescan +hsync -vsync (24.7 kHz d)
[  6100.722] (II) modeset(0): Modeline "320x180"x119.7    9.00  320 332 360 400  180 181 184 188 doublescan -hsync +vsync (22.5 kHz d)
[  6100.722] (II) modeset(0): Modeline "320x180"x118.6    8.88  320 344 360 400  180 181 184 187 doublescan +hsync -vsync (22.2 kHz d)
[  6100.722] (II) modeset(0): EDID for output HDMI-1
[  6100.722] (II) modeset(0): EDID for output DP-1
[  6100.722] (II) modeset(0): EDID for output DP-2
[  6100.722] (II) modeset(0): EDID for output DP-3
[  6100.722] (II) modeset(0): EDID for output DP-4
[  6100.722] (II) modeset(0): Output eDP-1 connected
[  6100.722] (II) modeset(0): Output HDMI-1 disconnected
[  6100.722] (II) modeset(0): Output DP-1 disconnected
[  6100.722] (II) modeset(0): Output DP-2 disconnected
[  6100.722] (II) modeset(0): Output DP-3 disconnected
[  6100.722] (II) modeset(0): Output DP-4 disconnected
[  6100.722] (II) modeset(0): Using exact sizes for initial modes
[  6100.722] (II) modeset(0): Output eDP-1 using initial mode 1920x1080 +0+0
[  6100.722] (==) modeset(0): Using gamma correction (1.0, 1.0, 1.0)
[  6100.722] (==) modeset(0): DPI set to (96, 96)
[  6100.722] (II) Loading sub module "fb"
[  6100.722] (II) LoadModule: "fb"
[  6100.722] (II) Module "fb" already built-in
[  6100.783] (==) modeset(0): Backing store enabled
[  6100.783] (==) modeset(0): Silken mouse enabled
[  6100.863] (II) modeset(0): Initializing kms color map for depth 24, 8 bpc.
[  6100.863] (==) modeset(0): DPMS enabled
[  6100.864] (II) modeset(0): [DRI2] Setup complete
[  6100.864] (II) modeset(0): [DRI2]   DRI driver: iris
[  6100.864] (II) modeset(0): [DRI2]   VDPAU driver: va_gl
[  6100.864] (II) Initializing extension Generic Event Extension
[  6100.864] (II) Initializing extension SHAPE
[  6100.864] (II) Initializing extension MIT-SHM
[  6100.864] (II) Initializing extension XInputExtension
[  6100.865] (II) Initializing extension XTEST
[  6100.865] (II) Initializing extension BIG-REQUESTS
[  6100.865] (II) Initializing extension SYNC
[  6100.865] (II) Initializing extension XKEYBOARD
[  6100.866] (II) Initializing extension XC-MISC
[  6100.866] (II) Initializing extension SECURITY
[  6100.866] (II) Initializing extension XFIXES
[  6100.866] (II) Initializing extension RENDER
[  6100.866] (II) Initializing extension RANDR
[  6100.867] (II) Initializing extension COMPOSITE
[  6100.867] (II) Initializing extension DAMAGE
[  6100.867] (II) Initializing extension MIT-SCREEN-SAVER
[  6100.867] (II) Initializing extension DOUBLE-BUFFER
[  6100.868] (II) Initializing extension RECORD
[  6100.868] (II) Initializing extension DPMS
[  6100.868] (II) Initializing extension Present
[  6100.868] (II) Initializing extension DRI3
[  6100.869] (II) Initializing extension X-Resource
[  6100.869] (II) Initializing extension XVideo
[  6100.869] (II) Initializing extension XVideo-MotionCompensation
[  6100.869] (II) Initializing extension GLX
[  6100.879] (II) AIGLX: Loaded and initialized iris
[  6100.879] (II) GLX: Initialized DRI2 GL provider for screen 0
[  6100.879] (II) Initializing extension XFree86-VidModeExtension
[  6100.880] (II) Initializing extension XFree86-DGA
[  6100.880] (II) Initializing extension XFree86-DRI
[  6100.880] (II) Initializing extension DRI2
[  6100.880] (II) modeset(0): Damage tracking initialized
[  6100.880] (II) modeset(0): Setting screen physical size to 508 x 285
[  6100.917] (II) config/udev: Adding input device Power Button (/dev/input/event2)
[  6100.917] (**) Power Button: Applying InputClass "libinput keyboard catchall"
[  6100.917] (II) LoadModule: "libinput"
[  6100.917] (II) Loading /usr/lib/xorg/modules/input/libinput_drv.so
[  6100.918] (II) Module libinput: vendor="X.Org Foundation"
[  6100.918] 	compiled for 1.21.1.3, module version = 1.2.1
[  6100.918] 	Module class: X.Org XInput Driver
[  6100.918] 	ABI class: X.Org XInput driver, version 24.4
[  6100.918] (II) Using input driver 'libinput' for 'Power Button'
[  6100.919] (II) systemd-logind: got fd for /dev/input/event2 13:66 fd 28 paused 0
[  6100.919] (**) Power Button: always reports core events
[  6100.919] (**) Option "Device" "/dev/input/event2"
[  6100.920] (II) event2  - Power Button: is tagged by udev as: Keyboard
[  6100.920] (II) event2  - Power Button: device is a keyboard
[  6100.920] (II) event2  - Power Button: device removed
[  6100.921] (**) Option "config_info" "udev:/sys/devices/LNXSYSTM:00/LNXPWRBN:00/input/input2/event2"
[  6100.921] (II) XINPUT: Adding extended input device "Power Button" (type: KEYBOARD, id 6)
[  6100.921] (II) event2  - Power Button: is tagged by udev as: Keyboard
[  6100.921] (II) event2  - Power Button: device is a keyboard
[  6100.922] (II) config/udev: Adding input device Video Bus (/dev/input/event4)
[  6100.922] (**) Video Bus: Applying InputClass "libinput keyboard catchall"
[  6100.922] (II) Using input driver 'libinput' for 'Video Bus'
[  6100.922] (II) systemd-logind: got fd for /dev/input/event4 13:68 fd 31 paused 0
[  6100.922] (**) Video Bus: always reports core events
[  6100.922] (**) Option "Device" "/dev/input/event4"
[  6100.923] (II) event4  - Video Bus: is tagged by udev as: Keyboard
[  6100.923] (II) event4  - Video Bus: device is a keyboard
[  6100.923] (II) event4  - Video Bus: device removed
[  6100.923] (**) Option "config_info" "udev:/sys/devices/LNXSYSTM:00/LNXSYBUS:00/PNP0A08:00/LNXVIDEO:00/input/input4/event4"
[  6100.923] (II) XINPUT: Adding extended input device "Video Bus" (type: KEYBOARD, id 7)
[  6100.924] (II) event4  - Video Bus: is tagged by udev as: Keyboard
[  6100.924] (II) event4  - Video Bus: device is a keyboard
[  6100.924] (II) config/udev: Adding input device Power Button (/dev/input/event1)
[  6100.924] (**) Power Button: Applying InputClass "libinput keyboard catchall"
[  6100.924] (II) Using input driver 'libinput' for 'Power Button'
[  6100.925] (II) systemd-logind: got fd for /dev/input/event1 13:65 fd 32 paused 0
[  6100.925] (**) Power Button: always reports core events
[  6100.925] (**) Option "Device" "/dev/input/event1"
[  6100.925] (II) event1  - Power Button: is tagged by udev as: Keyboard
[  6100.925] (II) event1  - Power Button: device is a keyboard
[  6100.926] (II) event1  - Power Button: device removed
[  6100.926] (**) Option "config_info" "udev:/sys/devices/LNXSYSTM:00/LNXSYBUS:00/PNP0C0C:00/input/input1/event1"
[  6100.926] (II) XINPUT: Adding extended input device "Power Button" (type: KEYBOARD, id 8)
[  6100.926] (II) event1  - Power Button: is tagged by udev as: Keyboard
[  6100.926] (II) event1  - Power Button: device is a keyboard
[  6100.927] (II) config/udev: Adding input device Lid Switch (/dev/input/event0)
[  6100.927] (II) No input driver specified, ignoring this device.
[  6100.927] (II) This device may have been added with another device file.
[  6100.927] (II) config/udev: Adding input device ELAN0712:00 04F3:30FD Mouse (/dev/input/event8)
[  6100.928] (**) ELAN0712:00 04F3:30FD Mouse: Applying InputClass "libinput pointer catchall"
[  6100.928] (II) Using input driver 'libinput' for 'ELAN0712:00 04F3:30FD Mouse'
[  6100.946] (II) systemd-logind: got fd for /dev/input/event8 13:72 fd 33 paused 0
[  6100.946] (**) ELAN0712:00 04F3:30FD Mouse: always reports core events
[  6100.946] (**) Option "Device" "/dev/input/event8"
[  6100.947] (II) event8  - ELAN0712:00 04F3:30FD Mouse: is tagged by udev as: Mouse Pointingstick
[  6100.947] (II) event8  - ELAN0712:00 04F3:30FD Mouse: device is a pointer
[  6100.948] (II) event8  - ELAN0712:00 04F3:30FD Mouse: device removed
[  6100.948] (**) Option "config_info" "udev:/sys/devices/pci0000:00/0000:00:15.1/i2c_designware.1/i2c-16/i2c-ELAN0712:00/0018:04F3:30FD.0001/input/input11/event8"
[  6100.948] (II) XINPUT: Adding extended input device "ELAN0712:00 04F3:30FD Mouse" (type: MOUSE, id 9)
[  6100.948] (**) Option "AccelerationScheme" "none"
[  6100.948] (**) ELAN0712:00 04F3:30FD Mouse: (accel) selected scheme none/0
[  6100.948] (**) ELAN0712:00 04F3:30FD Mouse: (accel) acceleration factor: 2.000
[  6100.948] (**) ELAN0712:00 04F3:30FD Mouse: (accel) acceleration threshold: 4
[  6100.949] (II) event8  - ELAN0712:00 04F3:30FD Mouse: is tagged by udev as: Mouse Pointingstick
[  6100.949] (II) event8  - ELAN0712:00 04F3:30FD Mouse: device is a pointer
[  6100.951] (II) config/udev: Adding input device ELAN0712:00 04F3:30FD Mouse (/dev/input/mouse0)
[  6100.951] (II) No input driver specified, ignoring this device.
[  6100.951] (II) This device may have been added with another device file.
[  6100.951] (II) config/udev: Adding input device ELAN0712:00 04F3:30FD Touchpad (/dev/input/event9)
[  6100.952] (**) ELAN0712:00 04F3:30FD Touchpad: Applying InputClass "libinput touchpad catchall"
[  6100.952] (II) Using input driver 'libinput' for 'ELAN0712:00 04F3:30FD Touchpad'
[  6100.953] (II) systemd-logind: got fd for /dev/input/event9 13:73 fd 34 paused 0
[  6100.953] (**) ELAN0712:00 04F3:30FD Touchpad: always reports core events
[  6100.953] (**) Option "Device" "/dev/input/event9"
[  6100.954] (II) event9  - ELAN0712:00 04F3:30FD Touchpad: is tagged by udev as: Touchpad
[  6100.956] (II) event9  - ELAN0712:00 04F3:30FD Touchpad: device is a touchpad
[  6100.956] (II) event9  - ELAN0712:00 04F3:30FD Touchpad: device removed
[  6100.957] (**) Option "config_info" "udev:/sys/devices/pci0000:00/0000:00:15.1/i2c_designware.1/i2c-16/i2c-ELAN0712:00/0018:04F3:30FD.0001/input/input13/event9"
[  6100.957] (II) XINPUT: Adding extended input device "ELAN0712:00 04F3:30FD Touchpad" (type: TOUCHPAD, id 10)
[  6100.958] (**) Option "AccelerationScheme" "none"
[  6100.958] (**) ELAN0712:00 04F3:30FD Touchpad: (accel) selected scheme none/0
[  6100.958] (**) ELAN0712:00 04F3:30FD Touchpad: (accel) acceleration factor: 2.000
[  6100.958] (**) ELAN0712:00 04F3:30FD Touchpad: (accel) acceleration threshold: 4
[  6100.959] (II) event9  - ELAN0712:00 04F3:30FD Touchpad: is tagged by udev as: Touchpad
[  6100.960] (II) event9  - ELAN0712:00 04F3:30FD Touchpad: device is a touchpad
[  6100.961] (II) config/udev: Adding input device ELAN0712:00 04F3:30FD Touchpad (/dev/input/mouse1)
[  6100.961] (II) No input driver specified, ignoring this device.
[  6100.961] (II) This device may have been added with another device file.
[  6100.961] (II) config/udev: Adding input device sof-hda-dsp Mic (/dev/input/event10)
[  6100.961] (II) No input driver specified, ignoring this device.
[  6100.961] (II) This device may have been added with another device file.
[  6100.962] (II) config/udev: Adding input device sof-hda-dsp Headphone (/dev/input/event11)
[  6100.962] (II) No input driver specified, ignoring this device.
[  6100.962] (II) This device may have been added with another device file.
[  6100.962] (II) config/udev: Adding input device sof-hda-dsp HDMI/DP,pcm=3 (/dev/input/event12)
[  6100.962] (II) No input driver specified, ignoring this device.
[  6100.962] (II) This device may have been added with another device file.
[  6100.962] (II) config/udev: Adding input device sof-hda-dsp HDMI/DP,pcm=4 (/dev/input/event13)
[  6100.962] (II) No input driver specified, ignoring this device.
[  6100.962] (II) This device may have been added with another device file.
[  6100.962] (II) config/udev: Adding input device sof-hda-dsp HDMI/DP,pcm=5 (/dev/input/event14)
[  6100.962] (II) No input driver specified, ignoring this device.
[  6100.962] (II) This device may have been added with another device file.
[  6100.963] (II) config/udev: Adding input device AT Translated Set 2 keyboard (/dev/input/event3)
[  6100.963] (**) AT Translated Set 2 keyboard: Applying InputClass "libinput keyboard catchall"
[  6100.963] (II) Using input driver 'libinput' for 'AT Translated Set 2 keyboard'
[  6100.963] (II) systemd-logind: got fd for /dev/input/event3 13:67 fd 35 paused 0
[  6100.963] (**) AT Translated Set 2 keyboard: always reports core events
[  6100.963] (**) Option "Device" "/dev/input/event3"
[  6100.964] (II) event3  - AT Translated Set 2 keyboard: is tagged by udev as: Keyboard
[  6100.964] (II) event3  - AT Translated Set 2 keyboard: device is a keyboard
[  6100.965] (II) event3  - AT Translated Set 2 keyboard: device removed
[  6100.965] (**) Option "config_info" "udev:/sys/devices/platform/i8042/serio0/input/input53/event3"
[  6100.965] (II) XINPUT: Adding extended input device "AT Translated Set 2 keyboard" (type: KEYBOARD, id 11)
[  6100.965] (II) event3  - AT Translated Set 2 keyboard: is tagged by udev as: Keyboard
[  6100.965] (II) event3  - AT Translated Set 2 keyboard: device is a keyboard
[  6100.966] (II) config/udev: Adding input device PC Speaker (/dev/input/event6)
[  6100.966] (II) No input driver specified, ignoring this device.
[  6100.966] (II) This device may have been added with another device file.
[  6100.968] (II) config/udev: Adding input device Wireless hotkeys (/dev/input/event5)
[  6100.968] (**) Wireless hotkeys: Applying InputClass "libinput keyboard catchall"
[  6100.968] (II) Using input driver 'libinput' for 'Wireless hotkeys'
[  6100.968] (II) systemd-logind: got fd for /dev/input/event5 13:69 fd 36 paused 0
[  6100.969] (**) Wireless hotkeys: always reports core events
[  6100.969] (**) Option "Device" "/dev/input/event5"
[  6100.969] (II) event5  - Wireless hotkeys: is tagged by udev as: Keyboard
[  6100.969] (II) event5  - Wireless hotkeys: device is a keyboard
[  6100.969] (II) event5  - Wireless hotkeys: device removed
[  6100.969] (**) Option "config_info" "udev:/sys/devices/virtual/input/input5/event5"
[  6100.969] (II) XINPUT: Adding extended input device "Wireless hotkeys" (type: KEYBOARD, id 12)
[  6100.970] (II) event5  - Wireless hotkeys: is tagged by udev as: Keyboard
[  6100.970] (II) event5  - Wireless hotkeys: device is a keyboard
[  6100.970] (II) config/udev: Adding input device HP WMI hotkeys (/dev/input/event7)
[  6100.970] (**) HP WMI hotkeys: Applying InputClass "libinput keyboard catchall"
[  6100.970] (II) Using input driver 'libinput' for 'HP WMI hotkeys'
[  6100.971] (II) systemd-logind: got fd for /dev/input/event7 13:71 fd 37 paused 0
[  6100.971] (**) HP WMI hotkeys: always reports core events
[  6100.971] (**) Option "Device" "/dev/input/event7"
[  6100.971] (II) event7  - HP WMI hotkeys: is tagged by udev as: Keyboard Switch
[  6100.971] (II) event7  - HP WMI hotkeys: device is a keyboard
[  6100.972] (II) event7  - HP WMI hotkeys: device removed
[  6100.972] (**) Option "config_info" "udev:/sys/devices/virtual/input/input7/event7"
[  6100.972] (II) XINPUT: Adding extended input device "HP WMI hotkeys" (type: KEYBOARD, id 13)
[  6100.972] (II) event7  - HP WMI hotkeys: is tagged by udev as: Keyboard Switch
[  6100.973] (II) event7  - HP WMI hotkeys: device is a keyboard
[  6101.881] (II) modeset(0): EDID vendor "CMN", prod id 5432
[  6101.881] (II) modeset(0): Printing DDC gathered Modelines:
[  6101.881] (II) modeset(0): Modeline "1920x1080"x0.0  138.78  1920 1968 2000 2080  1080 1083 1088 1112 +hsync -vsync (66.7 kHz eP)
[  6101.881] (II) modeset(0): Modeline "1920x1080"x0.0   92.52  1920 1968 2000 2080  1080 1083 1088 1112 +hsync -vsync (44.5 kHz e)
[  6102.544] (II) modeset(0): EDID vendor "CMN", prod id 5432
[  6102.544] (II) modeset(0): Printing DDC gathered Modelines:
[  6102.544] (II) modeset(0): Modeline "1920x1080"x0.0  138.78  1920 1968 2000 2080  1080 1083 1088 1112 +hsync -vsync (66.7 kHz eP)
[  6102.544] (II) modeset(0): Modeline "1920x1080"x0.0   92.52  1920 1968 2000 2080  1080 1083 1088 1112 +hsync -vsync (44.5 kHz e)
[  6117.989] (EE) event9  - ELAN0712:00 04F3:30FD Touchpad: kernel bug: Touch jump detected and discarded.
See https://wayland.freedesktop.org/libinput/doc/1.22.1/touchpad-jumping-cursors.html for details
[  6120.070] (EE) event9  - ELAN0712:00 04F3:30FD Touchpad: kernel bug: Touch jump detected and discarded.
See https://wayland.freedesktop.org/libinput/doc/1.22.1/touchpad-jumping-cursors.html for details
[  6170.611] (EE) event9  - ELAN0712:00 04F3:30FD Touchpad: kernel bug: Touch jump detected and discarded.
See https://wayland.freedesktop.org/libinput/doc/1.22.1/touchpad-jumping-cursors.html for details
[  6185.078] (EE) event9  - ELAN0712:00 04F3:30FD Touchpad: kernel bug: Touch jump detected and discarded.
See https://wayland.freedesktop.org/libinput/doc/1.22.1/touchpad-jumping-cursors.html for details
[  6185.112] (EE) event9  - ELAN0712:00 04F3:30FD Touchpad: kernel bug: Touch jump detected and discarded.
See https://wayland.freedesktop.org/libinput/doc/1.22.1/touchpad-jumping-cursors.html for details
[  6185.112] (EE) event9  - ELAN0712:00 04F3:30FD Touchpad: WARNING: log rate limit exceeded (5 msgs per 24h). Discarding future messages.
